<?xml version="1.0" encoding="UTF-8"?>
<testng-results skipped="0" failed="0" ignored="0" total="2" passed="2">
  <reporter-output>
  </reporter-output>
  <suite name="Default suite" duration-ms="45212" started-at="2021-07-30T15:29:01 ICT" finished-at="2021-07-30T15:29:46 ICT">
    <groups>
    </groups>
    <test name="Default test" duration-ms="45212" started-at="2021-07-30T15:29:01 ICT" finished-at="2021-07-30T15:29:46 ICT">
      <class name="example.avanatest.LoginTest">
        <test-method status="PASS" signature="beforeTest()[pri:0, instance:example.avanatest.LoginTest@7f13d6e]" name="beforeTest" is-config="true" duration-ms="2042" started-at="2021-07-30T15:29:01 ICT" finished-at="2021-07-30T15:29:03 ICT">
          <reporter-output>
          </reporter-output>
        </test-method> <!-- beforeTest -->
        <test-method status="PASS" signature="login()[pri:1, instance:example.avanatest.LoginTest@7f13d6e]" name="login" duration-ms="25097" started-at="2021-07-30T15:29:03 ICT" finished-at="2021-07-30T15:29:28 ICT">
          <reporter-output>
          </reporter-output>
        </test-method> <!-- login -->
        <test-method status="PASS" signature="postingimage()[pri:2, instance:example.avanatest.LoginTest@7f13d6e]" name="postingimage" duration-ms="18049" started-at="2021-07-30T15:29:28 ICT" finished-at="2021-07-30T15:29:46 ICT">
          <reporter-output>
          </reporter-output>
        </test-method> <!-- postingimage -->
        <test-method status="PASS" signature="afterTest()[pri:0, instance:example.avanatest.LoginTest@7f13d6e]" name="afterTest" is-config="true" duration-ms="0" started-at="2021-07-30T15:29:46 ICT" finished-at="2021-07-30T15:29:46 ICT">
          <reporter-output>
          </reporter-output>
        </test-method> <!-- afterTest -->
      </class> <!-- example.avanatest.LoginTest -->
    </test> <!-- Default test -->
  </suite> <!-- Default suite -->
</testng-results>
